27-11-2022 03:15:38.94 - INFO - Started validation of input parameters...
27-11-2022 03:15:38.94 - INFO - Completed validation of input parameters
27-11-2022 03:15:38.94 - INFO - Started handling of duplicates... Method: "AUTO"
27-11-2022 03:15:39.00 - DEBUG - 0 missing values found
27-11-2022 03:15:39.00 - INFO - Completed handling of duplicates in 0.058042 seconds
27-11-2022 03:15:39.00 - INFO - Started handling of missing values...
27-11-2022 03:15:39.01 - INFO - Found a total of 17997 missing value(s)
27-11-2022 03:15:39.02 - INFO - Started handling of NUMERICAL missing values... Method: "AUTO"
27-11-2022 03:15:44.71 - DEBUG - KNN imputation of 322 value(s) succeeded for feature "account.MAX(card.car_issued_year)"
27-11-2022 03:15:44.71 - DEBUG - KNN imputation of 322 value(s) succeeded for feature "account.MEAN(card.car_issued_year)"
27-11-2022 03:15:44.71 - DEBUG - KNN imputation of 322 value(s) succeeded for feature "account.MIN(card.car_issued_year)"
27-11-2022 03:15:44.72 - WARNING - KNN imputation failed for feature "account.NUM_UNIQUE(card.card_type)"
27-11-2022 03:15:44.72 - WARNING - KNN imputation failed for feature "account.SKEW(card.car_issued_year)"
27-11-2022 03:15:44.72 - WARNING - KNN imputation failed for feature "account.STD(card.car_issued_year)"
27-11-2022 03:15:44.73 - WARNING - KNN imputation failed for feature "account.SKEW(loan.loan_amount)"
27-11-2022 03:15:44.73 - WARNING - KNN imputation failed for feature "account.SKEW(loan.loan_duration)"
27-11-2022 03:15:44.74 - WARNING - KNN imputation failed for feature "account.SKEW(loan.loan_payments)"
27-11-2022 03:15:44.74 - WARNING - KNN imputation failed for feature "account.SKEW(loan.loan_status)"
27-11-2022 03:15:44.74 - WARNING - KNN imputation failed for feature "account.SKEW(loan.loan_year)"
27-11-2022 03:15:44.75 - WARNING - KNN imputation failed for feature "account.STD(loan.loan_amount)"
27-11-2022 03:15:44.75 - WARNING - KNN imputation failed for feature "account.STD(loan.loan_duration)"
27-11-2022 03:15:44.75 - WARNING - KNN imputation failed for feature "account.STD(loan.loan_payments)"
27-11-2022 03:15:44.76 - WARNING - KNN imputation failed for feature "account.STD(loan.loan_status)"
27-11-2022 03:15:44.76 - WARNING - KNN imputation failed for feature "account.STD(loan.loan_year)"
27-11-2022 03:15:44.77 - DEBUG - KNN imputation of 322 value(s) succeeded for feature "account.MAX(disp.MEAN(card.car_issued_year))"
27-11-2022 03:15:44.78 - DEBUG - KNN imputation of 322 value(s) succeeded for feature "account.MAX(disp.MIN(card.car_issued_year))"
27-11-2022 03:15:44.78 - DEBUG - KNN imputation of 322 value(s) succeeded for feature "account.MAX(disp.NUM_UNIQUE(card.card_type))"
27-11-2022 03:15:44.78 - WARNING - KNN imputation failed for feature "account.MAX(disp.SKEW(card.car_issued_year))"
27-11-2022 03:15:44.79 - WARNING - KNN imputation failed for feature "account.MAX(disp.STD(card.car_issued_year))"
27-11-2022 03:15:44.79 - DEBUG - KNN imputation of 322 value(s) succeeded for feature "account.MEAN(disp.MAX(card.car_issued_year))"
27-11-2022 03:15:44.80 - DEBUG - KNN imputation of 322 value(s) succeeded for feature "account.MEAN(disp.MEAN(card.car_issued_year))"
27-11-2022 03:15:44.80 - DEBUG - KNN imputation of 322 value(s) succeeded for feature "account.MEAN(disp.MIN(card.car_issued_year))"
27-11-2022 03:15:44.81 - DEBUG - KNN imputation of 322 value(s) succeeded for feature "account.MEAN(disp.NUM_UNIQUE(card.card_type))"
27-11-2022 03:15:44.81 - WARNING - KNN imputation failed for feature "account.MEAN(disp.SKEW(card.car_issued_year))"
27-11-2022 03:15:44.81 - WARNING - KNN imputation failed for feature "account.MEAN(disp.STD(card.car_issued_year))"
27-11-2022 03:15:44.82 - DEBUG - KNN imputation of 322 value(s) succeeded for feature "account.MIN(disp.MAX(card.car_issued_year))"
27-11-2022 03:15:44.82 - DEBUG - KNN imputation of 322 value(s) succeeded for feature "account.MIN(disp.MEAN(card.car_issued_year))"
27-11-2022 03:15:44.83 - DEBUG - KNN imputation of 322 value(s) succeeded for feature "account.MIN(disp.NUM_UNIQUE(card.card_type))"
27-11-2022 03:15:44.83 - WARNING - KNN imputation failed for feature "account.MIN(disp.SKEW(card.car_issued_year))"
27-11-2022 03:15:44.84 - WARNING - KNN imputation failed for feature "account.MIN(disp.STD(card.car_issued_year))"
27-11-2022 03:15:44.84 - WARNING - KNN imputation failed for feature "account.SKEW(disp.COUNT(card))"
27-11-2022 03:15:44.84 - WARNING - KNN imputation failed for feature "account.SKEW(disp.MAX(card.car_issued_year))"
27-11-2022 03:15:44.85 - WARNING - KNN imputation failed for feature "account.SKEW(disp.MEAN(card.car_issued_year))"
27-11-2022 03:15:44.85 - WARNING - KNN imputation failed for feature "account.SKEW(disp.MIN(card.car_issued_year))"
27-11-2022 03:15:44.86 - WARNING - KNN imputation failed for feature "account.SKEW(disp.NUM_UNIQUE(card.card_type))"
27-11-2022 03:15:44.86 - WARNING - KNN imputation failed for feature "account.SKEW(disp.STD(card.car_issued_year))"
27-11-2022 03:15:44.87 - WARNING - KNN imputation failed for feature "account.SKEW(disp.SUM(card.car_issued_year))"
27-11-2022 03:15:44.87 - WARNING - KNN imputation failed for feature "account.SKEW(disp.client.birth_year)"
27-11-2022 03:15:44.87 - WARNING - KNN imputation failed for feature "account.SKEW(disp.client.client_age)"
27-11-2022 03:15:44.88 - WARNING - KNN imputation failed for feature "account.SKEW(disp.client.client_gender)"
27-11-2022 03:15:44.88 - DEBUG - KNN imputation of 253 value(s) succeeded for feature "account.STD(disp.COUNT(card))"
27-11-2022 03:15:44.89 - WARNING - KNN imputation failed for feature "account.STD(disp.MAX(card.car_issued_year))"
27-11-2022 03:15:44.89 - WARNING - KNN imputation failed for feature "account.STD(disp.MEAN(card.car_issued_year))"
27-11-2022 03:15:44.90 - WARNING - KNN imputation failed for feature "account.STD(disp.MIN(card.car_issued_year))"
27-11-2022 03:15:44.90 - WARNING - KNN imputation failed for feature "account.STD(disp.NUM_UNIQUE(card.card_type))"
27-11-2022 03:15:44.91 - WARNING - KNN imputation failed for feature "account.STD(disp.SKEW(card.car_issued_year))"
27-11-2022 03:15:44.91 - DEBUG - KNN imputation of 253 value(s) succeeded for feature "account.STD(disp.SUM(card.car_issued_year))"
27-11-2022 03:15:44.92 - DEBUG - KNN imputation of 253 value(s) succeeded for feature "account.STD(disp.client.birth_year)"
27-11-2022 03:15:44.92 - DEBUG - KNN imputation of 253 value(s) succeeded for feature "account.STD(disp.client.client_age)"
27-11-2022 03:15:44.93 - DEBUG - KNN imputation of 253 value(s) succeeded for feature "account.STD(disp.client.client_gender)"
27-11-2022 03:15:44.93 - WARNING - KNN imputation failed for feature "account.NUM_UNIQUE(card.disp.type)"
27-11-2022 03:15:44.94 - DEBUG - KNN imputation of 24 value(s) succeeded for feature "account.district.MAX(client.disp.card.car_issued_year)"
27-11-2022 03:15:44.94 - DEBUG - KNN imputation of 24 value(s) succeeded for feature "account.district.MEAN(client.disp.card.car_issued_year)"
27-11-2022 03:15:44.95 - DEBUG - KNN imputation of 24 value(s) succeeded for feature "account.district.MIN(client.disp.card.car_issued_year)"
27-11-2022 03:15:44.95 - WARNING - KNN imputation failed for feature "account.district.NUM_UNIQUE(client.disp.card.card_type)"
27-11-2022 03:15:44.95 - DEBUG - KNN imputation of 199 value(s) succeeded for feature "account.district.SKEW(client.disp.card.car_issued_year)"
27-11-2022 03:15:44.95 - DEBUG - KNN imputation of 123 value(s) succeeded for feature "account.district.STD(client.disp.card.car_issued_year)"
27-11-2022 03:15:44.96 - DEBUG - KNN imputation of 28 value(s) succeeded for feature "account.district.MAX(account.disp.card.car_issued_year)"
27-11-2022 03:15:44.96 - DEBUG - KNN imputation of 28 value(s) succeeded for feature "account.district.MEAN(account.disp.card.car_issued_year)"
27-11-2022 03:15:44.97 - DEBUG - KNN imputation of 28 value(s) succeeded for feature "account.district.MIN(account.disp.card.car_issued_year)"
27-11-2022 03:15:44.97 - WARNING - KNN imputation failed for feature "account.district.NUM_UNIQUE(account.disp.card.card_type)"
27-11-2022 03:15:44.97 - DEBUG - KNN imputation of 176 value(s) succeeded for feature "account.district.SKEW(account.disp.card.car_issued_year)"
27-11-2022 03:15:44.98 - DEBUG - KNN imputation of 132 value(s) succeeded for feature "account.district.STD(account.disp.card.car_issued_year)"
27-11-2022 03:15:44.98 - DEBUG - KNN imputation of 36 value(s) succeeded for feature "account.district.SKEW(loan.loan_amount)"
27-11-2022 03:15:44.99 - DEBUG - KNN imputation of 36 value(s) succeeded for feature "account.district.SKEW(loan.loan_duration)"
27-11-2022 03:15:44.99 - DEBUG - KNN imputation of 36 value(s) succeeded for feature "account.district.SKEW(loan.loan_payments)"
27-11-2022 03:15:45.00 - DEBUG - KNN imputation of 36 value(s) succeeded for feature "account.district.SKEW(loan.loan_status)"
27-11-2022 03:15:45.00 - DEBUG - KNN imputation of 36 value(s) succeeded for feature "account.district.SKEW(loan.loan_year)"
27-11-2022 03:15:45.00 - DEBUG - KNN imputation of 12 value(s) succeeded for feature "account.district.STD(loan.loan_amount)"
27-11-2022 03:15:45.00 - DEBUG - KNN imputation of 12 value(s) succeeded for feature "account.district.STD(loan.loan_duration)"
27-11-2022 03:15:45.01 - DEBUG - KNN imputation of 12 value(s) succeeded for feature "account.district.STD(loan.loan_payments)"
27-11-2022 03:15:45.01 - DEBUG - KNN imputation of 12 value(s) succeeded for feature "account.district.STD(loan.loan_status)"
27-11-2022 03:15:45.01 - DEBUG - KNN imputation of 12 value(s) succeeded for feature "account.district.STD(loan.loan_year)"
27-11-2022 03:15:45.02 - INFO - Started handling of CATEGORICAL missing values... Method: "AUTO"
27-11-2022 03:15:48.75 - INFO - Completed handling of missing values in 9.754365 seconds
27-11-2022 03:15:48.75 - INFO - Started handling of outliers... Method: "WINZ"
27-11-2022 03:15:48.76 - DEBUG - Outlier imputation of 12 value(s) succeeded for feature "loan_amount"
27-11-2022 03:15:48.79 - DEBUG - Outlier imputation of 46 value(s) succeeded for feature "loan_status"
27-11-2022 03:15:48.82 - DEBUG - Outlier imputation of 69 value(s) succeeded for feature "account.account_frequency"
27-11-2022 03:15:48.87 - DEBUG - Outlier imputation of 75 value(s) succeeded for feature "account.COUNT(disp)"
27-11-2022 03:15:48.91 - DEBUG - Outlier imputation of 75 value(s) succeeded for feature "account.NUM_UNIQUE(disp.type)"
27-11-2022 03:15:48.92 - DEBUG - Outlier imputation of 6 value(s) succeeded for feature "account.COUNT(card)"
27-11-2022 03:15:48.92 - DEBUG - Outlier imputation of 5 value(s) succeeded for feature "account.MAX(card.car_issued_year)"
27-11-2022 03:15:48.92 - DEBUG - Outlier imputation of 5 value(s) succeeded for feature "account.MEAN(card.car_issued_year)"
27-11-2022 03:15:48.93 - DEBUG - Outlier imputation of 5 value(s) succeeded for feature "account.MIN(card.car_issued_year)"
